::1 - - [10/May/2022:12:10:52 +0000] "GET / HTTP/1.1" 200 18 "-" "Mozilla/5.0 (Windows NT 10.0; Win64; x64) AppleWebKit/537.36 (KHTML, like Gecko) Chrome/101.0.4951.54 Safari/537.36 Edg/101.0.1210.39"
::1 - - [10/May/2022:12:10:52 +0000] "GET /favicon.ico HTTP/1.1" 404 150 "http://localhost:5000/" "Mozilla/5.0 (Windows NT 10.0; Win64; x64) AppleWebKit/537.36 (KHTML, like Gecko) Chrome/101.0.4951.54 Safari/537.36 Edg/101.0.1210.39"
::1 - - [10/May/2022:12:18:42 +0000] "GET /parking/get_parkings/ HTTP/1.1" 500 21 "-" "Mozilla/5.0 (Windows NT 10.0; Win64; x64) AppleWebKit/537.36 (KHTML, like Gecko) Chrome/101.0.4951.54 Safari/537.36 Edg/101.0.1210.39"
::1 - - [10/May/2022:12:20:53 +0000] "GET / HTTP/1.1" 304 - "-" "Mozilla/5.0 (Windows NT 10.0; Win64; x64) AppleWebKit/537.36 (KHTML, like Gecko) Chrome/101.0.4951.54 Safari/537.36 Edg/101.0.1210.39"
::1 - - [10/May/2022:12:21:49 +0000] "POST / HTTP/1.1" 404 140 "-" "PostmanRuntime/7.29.0"
::1 - - [10/May/2022:12:21:53 +0000] "GET / HTTP/1.1" 200 18 "-" "PostmanRuntime/7.29.0"
::1 - - [10/May/2022:12:22:31 +0000] "GET /parking/get_parkings/ HTTP/1.1" 500 21 "-" "PostmanRuntime/7.29.0"
::1 - - [10/May/2022:12:23:46 +0000] "GET /parking/get_parkings/ HTTP/1.1" 200 491 "-" "PostmanRuntime/7.29.0"
::1 - - [10/May/2022:20:06:38 +0000] "GET / HTTP/1.1" 200 18 "-" "Mozilla/5.0 (Windows NT 10.0; Win64; x64) AppleWebKit/537.36 (KHTML, like Gecko) Chrome/101.0.4951.54 Safari/537.36 Edg/101.0.1210.39"
::1 - - [10/May/2022:20:06:38 +0000] "GET /favicon.ico HTTP/1.1" 404 150 "http://localhost:3000/" "Mozilla/5.0 (Windows NT 10.0; Win64; x64) AppleWebKit/537.36 (KHTML, like Gecko) Chrome/101.0.4951.54 Safari/537.36 Edg/101.0.1210.39"
::1 - - [10/May/2022:20:16:05 +0000] "GET /parking/liste_parkings/ HTTP/1.1" 200 491 "-" "PostmanRuntime/7.29.0"
::1 - - [10/May/2022:20:16:35 +0000] "GET /parking/get_parking/2 HTTP/1.1" 500 21 "-" "PostmanRuntime/7.29.0"
::1 - - [10/May/2022:20:17:01 +0000] "GET /parking/get_parking/2 HTTP/1.1" 200 250 "-" "PostmanRuntime/7.29.0"
::1 - - [10/May/2022:20:17:06 +0000] "GET /parking/get_parking/1 HTTP/1.1" 200 242 "-" "PostmanRuntime/7.29.0"
::1 - - [10/May/2022:20:17:14 +0000] "GET /parking/get_parking/1 HTTP/1.1" 200 242 "-" "Mozilla/5.0 (Windows NT 10.0; Win64; x64) AppleWebKit/537.36 (KHTML, like Gecko) Chrome/101.0.4951.54 Safari/537.36 Edg/101.0.1210.39"
::1 - - [10/May/2022:20:17:59 +0000] "GET /parking/supprimer_parking/2 HTTP/1.1" 404 166 "-" "PostmanRuntime/7.29.0"
::1 - - [10/May/2022:20:18:03 +0000] "DELETE /parking/supprimer_parking/2 HTTP/1.1" 500 21 "-" "PostmanRuntime/7.29.0"
::1 - - [10/May/2022:20:18:24 +0000] "DELETE /parking/supprimer_parking/2 HTTP/1.1" 200 2 "-" "PostmanRuntime/7.29.0"
::1 - - [10/May/2022:20:18:58 +0000] "DELETE /parking/supprimer_parking/2 HTTP/1.1" 200 2 "-" "PostmanRuntime/7.29.0"
::1 - - [10/May/2022:20:19:09 +0000] "DELETE /parking/get_parking/2 HTTP/1.1" 404 163 "-" "PostmanRuntime/7.29.0"
::1 - - [10/May/2022:20:19:12 +0000] "GET /parking/get_parking/2 HTTP/1.1" 200 2 "-" "PostmanRuntime/7.29.0"
::1 - - [10/May/2022:20:20:06 +0000] "GET /parking/ajouter_parking/ HTTP/1.1" 404 163 "-" "PostmanRuntime/7.29.0"
::1 - - [10/May/2022:20:20:10 +0000] "POST /parking/ajouter_parking/ HTTP/1.1" 200 2 "-" "PostmanRuntime/7.29.0"
::1 - - [10/May/2022:21:01:18 +0000] "POST /utilisateur/ajouter_utilisateur/ HTTP/1.1" 200 2 "-" "PostmanRuntime/7.29.0"
::1 - - [10/May/2022:21:01:40 +0000] "POST /utilisateur/ajouter_utilisateur/ HTTP/1.1" 500 21 "-" "PostmanRuntime/7.29.0"
::1 - - [10/May/2022:21:05:57 +0000] "POST /utilisateur/connexion_utilisateur_email/ HTTP/1.1" 200 136 "-" "PostmanRuntime/7.29.0"
::1 - - [10/May/2022:21:06:04 +0000] "POST /utilisateur/connexion_utilisateur_email/ HTTP/1.1" 200 2 "-" "PostmanRuntime/7.29.0"
::1 - - [10/May/2022:21:06:09 +0000] "POST /utilisateur/connexion_utilisateur_email/ HTTP/1.1" 200 136 "-" "PostmanRuntime/7.29.0"
::1 - - [10/May/2022:21:07:43 +0000] "POST /utilisateur/connexion_utilisateur_numero_telephone/ HTTP/1.1" 200 136 "-" "PostmanRuntime/7.29.0"
::1 - - [10/May/2022:21:07:50 +0000] "POST /utilisateur/connexion_utilisateur_numero_telephone/ HTTP/1.1" 200 2 "-" "PostmanRuntime/7.29.0"
::1 - - [10/May/2022:21:07:57 +0000] "POST /utilisateur/connexion_utilisateur_numero_telephone/ HTTP/1.1" 200 2 "-" "PostmanRuntime/7.29.0"
::1 - - [10/May/2022:21:08:01 +0000] "POST /utilisateur/connexion_utilisateur_numero_telephone/ HTTP/1.1" 200 136 "-" "PostmanRuntime/7.29.0"
::1 - - [10/May/2022:21:11:26 +0000] "DELETE /utilisateur/utilisateur/supprimer_utilisateur_email/ij_terras@esi.dz HTTP/1.1" 404 210 "-" "PostmanRuntime/7.29.0"
::1 - - [10/May/2022:21:12:06 +0000] "DELETE /utilisateur/supprimer_utilisateur_email/ij_terras@esi.dz HTTP/1.1" 200 2 "-" "PostmanRuntime/7.29.0"
::1 - - [10/May/2022:21:12:35 +0000] "POST /utilisateur/ajouter_utilisateur/ HTTP/1.1" 200 2 "-" "PostmanRuntime/7.29.0"
::1 - - [10/May/2022:21:12:41 +0000] "POST /utilisateur/ajouter_utilisateur/ HTTP/1.1" 500 21 "-" "PostmanRuntime/7.29.0"
